2018-08-20 21:17:23,685 __main__ 29 INFO read_train start
2018-08-20 21:17:25,443 __main__ 31 INFO train:
         date      ...       item_cnt_day
0  02.01.2013      ...                1.0
1  03.01.2013      ...                1.0
2  05.01.2013      ...               -1.0
3  06.01.2013      ...                1.0
4  15.01.2013      ...                1.0

[5 rows x 6 columns]
2018-08-20 21:17:25,443 __main__ 32 DEBUG read_train end
2018-08-20 21:17:25,449 __main__ 37 INFO read_test start
2018-08-20 21:17:25,518 __main__ 39 INFO test:
   ID  shop_id  item_id
0   0        5     5037
1   1        5     5320
2   2        5     5233
3   3        5     5232
4   4        5     5268
2018-08-20 21:17:25,518 __main__ 40 DEBUG read_test end
2018-08-20 21:17:25,518 __main__ 45 INFO read_submission start
2018-08-20 21:17:25,567 __main__ 47 INFO submit:
   ID  item_cnt_month
0   0             0.5
1   1             0.5
2   2             0.5
3   3             0.5
4   4             0.5
2018-08-20 21:17:25,567 __main__ 48 DEBUG read_submission end
2018-08-20 21:17:33,897 __main__ 30 INFO MakeItemCntMonth starts
2018-08-20 21:17:33,897 LoadData 29 INFO read_train start
2018-08-20 21:17:35,674 LoadData 31 INFO train:
         date      ...       item_cnt_day
0  02.01.2013      ...                1.0
1  03.01.2013      ...                1.0
2  05.01.2013      ...               -1.0
3  06.01.2013      ...                1.0
4  15.01.2013      ...                1.0

[5 rows x 6 columns]
2018-08-20 21:17:35,674 LoadData 32 DEBUG read_train end
2018-08-20 21:21:21,430 __main__ 36 DEBUG (1609124, 1)
2018-08-20 21:21:25,577 __main__ 38 DEBUG MakeItemCntMonth ends
