2018-08-13 23:13:20,029 __main__ 29 INFO read_train start
2018-08-13 23:13:21,814 __main__ 31 INFO train:
         date  date_block_num  shop_id  item_id  item_price  item_cnt_day
0  02.01.2013               0       59    22154      999.00           1.0
1  03.01.2013               0       25     2552      899.00           1.0
2  05.01.2013               0       25     2552      899.00          -1.0
3  06.01.2013               0       25     2554     1709.05           1.0
4  15.01.2013               0       25     2555     1099.00           1.0
2018-08-13 23:13:21,814 __main__ 32 DEBUG read_train end
2018-08-13 23:13:21,820 __main__ 37 INFO read_test start
2018-08-13 23:13:21,891 __main__ 39 INFO test:
   ID  shop_id  item_id
0   0        5     5037
1   1        5     5320
2   2        5     5233
3   3        5     5232
4   4        5     5268
2018-08-13 23:13:21,891 __main__ 40 DEBUG read_test end
2018-08-13 23:13:21,891 __main__ 45 INFO read_submission start
2018-08-13 23:13:21,945 __main__ 47 INFO submit:
   ID  item_cnt_month
0   0             0.5
1   1             0.5
2   2             0.5
3   3             0.5
4   4             0.5
2018-08-13 23:13:21,945 __main__ 48 DEBUG read_submission end
2018-08-14 20:51:05,654 __main__ 29 INFO read_train start
2018-08-14 20:51:09,195 __main__ 31 INFO train:
         date  date_block_num      ...       item_price  item_cnt_day
0  02.01.2013               0      ...           999.00           1.0
1  03.01.2013               0      ...           899.00           1.0
2  05.01.2013               0      ...           899.00          -1.0
3  06.01.2013               0      ...          1709.05           1.0
4  15.01.2013               0      ...          1099.00           1.0

[5 rows x 6 columns]
2018-08-14 20:51:09,195 __main__ 32 DEBUG read_train end
2018-08-14 20:51:09,201 __main__ 37 INFO read_test start
2018-08-14 20:51:09,406 __main__ 39 INFO test:
   ID  shop_id  item_id
0   0        5     5037
1   1        5     5320
2   2        5     5233
3   3        5     5232
4   4        5     5268
2018-08-14 20:51:09,406 __main__ 40 DEBUG read_test end
2018-08-14 20:51:09,406 __main__ 45 INFO read_submission start
2018-08-14 20:51:09,528 __main__ 47 INFO submit:
   ID  item_cnt_month
0   0             0.5
1   1             0.5
2   2             0.5
3   3             0.5
4   4             0.5
2018-08-14 20:51:09,528 __main__ 48 DEBUG read_submission end
2018-08-14 21:29:42,493 __main__ 29 INFO read_train start
2018-08-14 21:29:44,204 __main__ 31 INFO train:
         date      ...       item_cnt_day
0  02.01.2013      ...                1.0
1  03.01.2013      ...                1.0
2  05.01.2013      ...               -1.0
3  06.01.2013      ...                1.0
4  15.01.2013      ...                1.0

[5 rows x 6 columns]
2018-08-14 21:29:44,204 __main__ 32 DEBUG read_train end
2018-08-14 21:29:44,214 __main__ 37 INFO read_test start
2018-08-14 21:29:44,301 __main__ 39 INFO test:
   ID  shop_id  item_id
0   0        5     5037
1   1        5     5320
2   2        5     5233
3   3        5     5232
4   4        5     5268
2018-08-14 21:29:44,301 __main__ 40 DEBUG read_test end
2018-08-14 21:29:44,302 __main__ 45 INFO read_submission start
2018-08-14 21:29:44,357 __main__ 47 INFO submit:
   ID  item_cnt_month
0   0             0.5
1   1             0.5
2   2             0.5
3   3             0.5
4   4             0.5
2018-08-14 21:29:44,357 __main__ 48 DEBUG read_submission end
2018-08-14 21:30:59,734 __main__ 37 INFO read_test start
2018-08-14 21:30:59,808 __main__ 39 INFO test:
   ID  shop_id  item_id
0   0        5     5037
1   1        5     5320
2   2        5     5233
3   3        5     5232
4   4        5     5268
2018-08-14 21:30:59,808 __main__ 40 DEBUG read_test end
2018-08-14 21:31:13,434 __main__ 29 INFO read_train start
2018-08-14 21:31:15,193 __main__ 31 INFO train:
         date      ...       item_cnt_day
0  02.01.2013      ...                1.0
1  03.01.2013      ...                1.0
2  05.01.2013      ...               -1.0
3  06.01.2013      ...                1.0
4  15.01.2013      ...                1.0

[5 rows x 6 columns]
2018-08-14 21:31:15,193 __main__ 32 DEBUG read_train end
2018-08-14 21:32:29,913 __main__ 29 INFO read_train start
2018-08-14 21:32:31,600 __main__ 31 INFO train:
         date      ...       item_cnt_day
0  02.01.2013      ...                1.0
1  03.01.2013      ...                1.0
2  05.01.2013      ...               -1.0
3  06.01.2013      ...                1.0
4  15.01.2013      ...                1.0

[5 rows x 6 columns]
2018-08-14 21:32:31,600 __main__ 32 DEBUG read_train end
2018-08-15 21:36:54,870 __main__ 29 INFO read_train start
2018-08-15 21:36:58,390 __main__ 31 INFO train:
         date      ...       item_cnt_day
0  02.01.2013      ...                1.0
1  03.01.2013      ...                1.0
2  05.01.2013      ...               -1.0
3  06.01.2013      ...                1.0
4  15.01.2013      ...                1.0

[5 rows x 6 columns]
2018-08-15 21:36:58,390 __main__ 32 DEBUG read_train end
2018-08-15 21:36:58,397 __main__ 37 INFO read_test start
2018-08-15 21:36:58,626 __main__ 39 INFO test:
   ID  shop_id  item_id
0   0        5     5037
1   1        5     5320
2   2        5     5233
3   3        5     5232
4   4        5     5268
2018-08-15 21:36:58,626 __main__ 40 DEBUG read_test end
2018-08-15 21:36:58,626 __main__ 45 INFO read_submission start
2018-08-15 21:36:58,721 __main__ 47 INFO submit:
   ID  item_cnt_month
0   0             0.5
1   1             0.5
2   2             0.5
3   3             0.5
4   4             0.5
2018-08-15 21:36:58,721 __main__ 48 DEBUG read_submission end
2018-08-15 21:39:07,774 __main__ 29 INFO read_train start
2018-08-15 21:39:09,707 __main__ 31 INFO train:
         date      ...       item_cnt_day
0  02.01.2013      ...                1.0
1  03.01.2013      ...                1.0
2  05.01.2013      ...               -1.0
3  06.01.2013      ...                1.0
4  15.01.2013      ...                1.0

[5 rows x 6 columns]
2018-08-15 21:39:09,708 __main__ 32 DEBUG read_train end
2018-08-15 21:39:09,716 __main__ 37 INFO read_test start
2018-08-15 21:39:09,787 __main__ 39 INFO test:
   ID  shop_id  item_id
0   0        5     5037
1   1        5     5320
2   2        5     5233
3   3        5     5232
4   4        5     5268
2018-08-15 21:39:09,788 __main__ 40 DEBUG read_test end
2018-08-15 21:39:09,788 __main__ 45 INFO read_submission start
2018-08-15 21:39:09,837 __main__ 47 INFO submit:
   ID  item_cnt_month
0   0             0.5
1   1             0.5
2   2             0.5
3   3             0.5
4   4             0.5
2018-08-15 21:39:09,837 __main__ 48 DEBUG read_submission end
2018-08-15 21:39:33,961 __main__ 53 INFO read_csv start
2018-08-15 21:42:42,276 __main__ 53 INFO read_csv start
2018-08-15 21:42:47,056 __main__ 53 INFO read_csv start
2018-08-15 21:45:25,538 __main__ 29 INFO read_train start
2018-08-15 21:45:25,538 __main__ 29 INFO read_train start
2018-08-15 21:45:27,320 __main__ 31 INFO train:
         date      ...       item_cnt_day
0  02.01.2013      ...                1.0
1  03.01.2013      ...                1.0
2  05.01.2013      ...               -1.0
3  06.01.2013      ...                1.0
4  15.01.2013      ...                1.0

[5 rows x 6 columns]
2018-08-15 21:45:27,320 __main__ 31 INFO train:
         date      ...       item_cnt_day
0  02.01.2013      ...                1.0
1  03.01.2013      ...                1.0
2  05.01.2013      ...               -1.0
3  06.01.2013      ...                1.0
4  15.01.2013      ...                1.0

[5 rows x 6 columns]
2018-08-15 21:45:27,320 __main__ 32 DEBUG read_train end
2018-08-15 21:45:27,320 __main__ 32 DEBUG read_train end
2018-08-15 21:45:27,328 __main__ 37 INFO read_test start
2018-08-15 21:45:27,328 __main__ 37 INFO read_test start
2018-08-15 21:45:27,395 __main__ 39 INFO test:
   ID  shop_id  item_id
0   0        5     5037
1   1        5     5320
2   2        5     5233
3   3        5     5232
4   4        5     5268
2018-08-15 21:45:27,395 __main__ 39 INFO test:
   ID  shop_id  item_id
0   0        5     5037
1   1        5     5320
2   2        5     5233
3   3        5     5232
4   4        5     5268
2018-08-15 21:45:27,395 __main__ 40 DEBUG read_test end
2018-08-15 21:45:27,395 __main__ 40 DEBUG read_test end
2018-08-15 21:45:27,395 __main__ 45 INFO read_submission start
2018-08-15 21:45:27,395 __main__ 45 INFO read_submission start
2018-08-15 21:45:27,438 __main__ 47 INFO submit:
   ID  item_cnt_month
0   0             0.5
1   1             0.5
2   2             0.5
3   3             0.5
4   4             0.5
2018-08-15 21:45:27,438 __main__ 47 INFO submit:
   ID  item_cnt_month
0   0             0.5
1   1             0.5
2   2             0.5
3   3             0.5
4   4             0.5
2018-08-15 21:45:27,439 __main__ 48 DEBUG read_submission end
2018-08-15 21:45:27,439 __main__ 48 DEBUG read_submission end
2018-08-15 21:45:34,961 __main__ 53 INFO read_csv start
2018-08-15 21:45:34,961 __main__ 53 INFO read_csv start
2018-08-15 21:45:35,035 __main__ 57 DEBUG read_csv end
2018-08-15 21:45:35,035 __main__ 57 DEBUG read_csv end
2018-08-15 21:46:42,807 __main__ 53 INFO read_csv start
2018-08-15 21:46:42,807 __main__ 53 INFO read_csv start
2018-08-15 21:46:42,852 __main__ 57 DEBUG read_csv end
2018-08-15 21:46:42,852 __main__ 57 DEBUG read_csv end
2018-08-15 22:25:28,835 LoadData 29 INFO read_train start
2018-08-15 22:25:30,711 LoadData 31 INFO train:
         date      ...       item_cnt_day
0  02.01.2013      ...                1.0
1  03.01.2013      ...                1.0
2  05.01.2013      ...               -1.0
3  06.01.2013      ...                1.0
4  15.01.2013      ...                1.0

[5 rows x 6 columns]
2018-08-15 22:25:30,711 LoadData 32 DEBUG read_train end
2018-08-15 22:25:30,711 LoadData 37 INFO read_test start
2018-08-15 22:25:30,796 LoadData 39 INFO test:
   ID  shop_id  item_id
0   0        5     5037
1   1        5     5320
2   2        5     5233
3   3        5     5232
4   4        5     5268
2018-08-15 22:25:30,797 LoadData 40 DEBUG read_test end
2018-08-15 22:25:52,779 LoadData 29 INFO read_train start
2018-08-15 22:25:54,549 LoadData 31 INFO train:
         date      ...       item_cnt_day
0  02.01.2013      ...                1.0
1  03.01.2013      ...                1.0
2  05.01.2013      ...               -1.0
3  06.01.2013      ...                1.0
4  15.01.2013      ...                1.0

[5 rows x 6 columns]
2018-08-15 22:25:54,550 LoadData 32 DEBUG read_train end
2018-08-15 22:25:54,550 LoadData 37 INFO read_test start
2018-08-15 22:25:54,629 LoadData 39 INFO test:
   ID  shop_id  item_id
0   0        5     5037
1   1        5     5320
2   2        5     5233
3   3        5     5232
4   4        5     5268
2018-08-15 22:25:54,629 LoadData 40 DEBUG read_test end
2018-08-15 22:27:45,737 LoadData 29 INFO read_train start
2018-08-15 22:27:47,491 LoadData 31 INFO train:
         date      ...       item_cnt_day
0  02.01.2013      ...                1.0
1  03.01.2013      ...                1.0
2  05.01.2013      ...               -1.0
3  06.01.2013      ...                1.0
4  15.01.2013      ...                1.0

[5 rows x 6 columns]
2018-08-15 22:27:47,491 LoadData 32 DEBUG read_train end
2018-08-15 22:27:47,491 LoadData 37 INFO read_test start
2018-08-15 22:27:47,554 LoadData 39 INFO test:
   ID  shop_id  item_id
0   0        5     5037
1   1        5     5320
2   2        5     5233
3   3        5     5232
4   4        5     5268
2018-08-15 22:27:47,554 LoadData 40 DEBUG read_test end
2018-08-15 22:28:26,157 LoadData 29 INFO read_train start
2018-08-15 22:28:27,897 LoadData 31 INFO train:
         date      ...       item_cnt_day
0  02.01.2013      ...                1.0
1  03.01.2013      ...                1.0
2  05.01.2013      ...               -1.0
3  06.01.2013      ...                1.0
4  15.01.2013      ...                1.0

[5 rows x 6 columns]
2018-08-15 22:28:27,898 LoadData 32 DEBUG read_train end
2018-08-15 22:28:27,898 LoadData 37 INFO read_test start
2018-08-15 22:28:27,962 LoadData 39 INFO test:
   ID  shop_id  item_id
0   0        5     5037
1   1        5     5320
2   2        5     5233
3   3        5     5232
4   4        5     5268
2018-08-15 22:28:27,963 LoadData 40 DEBUG read_test end
2018-08-16 22:15:29,193 __main__ 29 INFO DataProcess starts
2018-08-16 22:15:29,225 LoadData 29 INFO read_train start
2018-08-16 22:15:32,566 LoadData 31 INFO train:
         date  date_block_num  shop_id  item_id  item_price  item_cnt_day
0  02.01.2013               0       59    22154      999.00           1.0
1  03.01.2013               0       25     2552      899.00           1.0
2  05.01.2013               0       25     2552      899.00          -1.0
3  06.01.2013               0       25     2554     1709.05           1.0
4  15.01.2013               0       25     2555     1099.00           1.0
2018-08-16 22:15:32,567 LoadData 32 DEBUG read_train end
2018-08-16 22:16:09,958 __main__ 29 INFO DataProcess starts
2018-08-16 22:16:09,958 __main__ 29 INFO DataProcess starts
2018-08-16 22:16:09,958 LoadData 29 INFO read_train start
2018-08-16 22:16:11,708 LoadData 31 INFO train:
         date  date_block_num  shop_id  item_id  item_price  item_cnt_day
0  02.01.2013               0       59    22154      999.00           1.0
1  03.01.2013               0       25     2552      899.00           1.0
2  05.01.2013               0       25     2552      899.00          -1.0
3  06.01.2013               0       25     2554     1709.05           1.0
4  15.01.2013               0       25     2555     1099.00           1.0
2018-08-16 22:16:11,708 LoadData 32 DEBUG read_train end
2018-08-16 22:16:12,422 __main__ 35 DEBUG (1609124, 1)
2018-08-16 22:16:12,422 __main__ 35 DEBUG (1609124, 1)
2018-08-16 22:16:12,422 __main__ 36 DEBUG (2935849, 6)
2018-08-16 22:16:12,422 __main__ 36 DEBUG (2935849, 6)
2018-08-16 22:16:13,421 __main__ 38 DEBUG DataProcess ends
2018-08-16 22:16:13,421 __main__ 38 DEBUG DataProcess ends
2018-08-16 22:22:26,689 __main__ 29 INFO DataProcess starts
2018-08-16 22:22:26,689 __main__ 29 INFO DataProcess starts
2018-08-16 22:22:26,689 __main__ 29 INFO DataProcess starts
2018-08-16 22:22:26,689 LoadData 29 INFO read_train start
2018-08-16 22:22:28,537 LoadData 31 INFO train:
         date  date_block_num  shop_id  item_id  item_price  item_cnt_day
0  02.01.2013               0       59    22154      999.00           1.0
1  03.01.2013               0       25     2552      899.00           1.0
2  05.01.2013               0       25     2552      899.00          -1.0
3  06.01.2013               0       25     2554     1709.05           1.0
4  15.01.2013               0       25     2555     1099.00           1.0
2018-08-16 22:22:28,537 LoadData 32 DEBUG read_train end
2018-08-16 22:22:29,311 __main__ 35 DEBUG (1609124, 1)
2018-08-16 22:22:29,311 __main__ 35 DEBUG (1609124, 1)
2018-08-16 22:22:29,311 __main__ 35 DEBUG (1609124, 1)
2018-08-16 22:22:29,311 __main__ 36 DEBUG (2935849, 6)
2018-08-16 22:22:29,311 __main__ 36 DEBUG (2935849, 6)
2018-08-16 22:22:29,311 __main__ 36 DEBUG (2935849, 6)
2018-08-16 22:22:30,349 __main__ 38 DEBUG (2935849, 7)
2018-08-16 22:22:30,349 __main__ 38 DEBUG (2935849, 7)
2018-08-16 22:22:30,349 __main__ 38 DEBUG (2935849, 7)
2018-08-16 22:22:51,212 __main__ 40 DEBUG DataProcess ends
2018-08-16 22:22:51,212 __main__ 40 DEBUG DataProcess ends
2018-08-16 22:22:51,212 __main__ 40 DEBUG DataProcess ends
2018-08-16 23:02:44,916 __main__ 29 INFO MakeItemCntMonth starts
2018-08-16 23:02:44,916 LoadData 29 INFO read_train start
2018-08-16 23:02:46,844 LoadData 31 INFO train:
         date  date_block_num  shop_id  item_id  item_price  item_cnt_day
0  02.01.2013               0       59    22154      999.00           1.0
1  03.01.2013               0       25     2552      899.00           1.0
2  05.01.2013               0       25     2552      899.00          -1.0
3  06.01.2013               0       25     2554     1709.05           1.0
4  15.01.2013               0       25     2555     1099.00           1.0
2018-08-16 23:02:46,845 LoadData 32 DEBUG read_train end
2018-08-16 23:02:47,613 __main__ 35 DEBUG (1609124, 1)
2018-08-16 23:02:47,613 __main__ 36 DEBUG (2935849, 6)
2018-08-16 23:02:48,680 __main__ 38 DEBUG (2935849, 7)
2018-08-16 23:03:10,068 __main__ 40 DEBUG MakeItemCntMonth ends
2018-08-16 23:03:10,077 __main__ 45 INFO Cleantrain starts
2018-08-16 23:07:22,179 __main__ 49 DEBUG (2935849, 3)
2018-08-16 23:07:22,179 __main__ 50 DEBUG Cleantrain ends
2018-08-19 22:03:22,093 __main__ 29 INFO MakeItemCntMonth starts
2018-08-19 22:03:22,093 LoadData 29 INFO read_train start
2018-08-19 22:03:25,030 LoadData 31 INFO train:
         date  date_block_num  shop_id  item_id  item_price  item_cnt_day
0  02.01.2013               0       59    22154      999.00           1.0
1  03.01.2013               0       25     2552      899.00           1.0
2  05.01.2013               0       25     2552      899.00          -1.0
3  06.01.2013               0       25     2554     1709.05           1.0
4  15.01.2013               0       25     2555     1099.00           1.0
2018-08-19 22:03:25,030 LoadData 32 DEBUG read_train end
2018-08-19 22:03:25,958 __main__ 35 DEBUG (1609124, 1)
2018-08-19 22:03:25,958 __main__ 36 DEBUG (2935849, 6)
2018-08-19 22:03:26,942 __main__ 38 DEBUG (2935849, 7)
2018-08-19 22:03:48,343 __main__ 40 DEBUG MakeItemCntMonth ends
2018-08-19 22:03:48,351 __main__ 45 INFO CleanTrain starts
2018-08-19 22:08:27,675 __main__ 49 DEBUG (2935849, 3)
2018-08-19 22:08:27,676 __main__ 50 DEBUG CleanTrain ends
2018-08-19 23:44:38,300 __main__ 35 INFO MakeItemCntMonth starts
2018-08-19 23:44:38,300 LoadData 29 INFO read_train start
2018-08-19 23:44:40,167 LoadData 31 INFO train:
         date      ...       item_cnt_day
0  02.01.2013      ...                1.0
1  03.01.2013      ...                1.0
2  05.01.2013      ...               -1.0
3  06.01.2013      ...                1.0
4  15.01.2013      ...                1.0

[5 rows x 6 columns]
2018-08-19 23:44:40,167 LoadData 32 DEBUG read_train end
2018-08-20 20:05:39,910 __main__ 29 INFO read_train start
2018-08-20 20:05:42,993 __main__ 31 INFO train:
         date  date_block_num  shop_id  item_id  item_price  item_cnt_day
0  02.01.2013               0       59    22154      999.00           1.0
1  03.01.2013               0       25     2552      899.00           1.0
2  05.01.2013               0       25     2552      899.00          -1.0
3  06.01.2013               0       25     2554     1709.05           1.0
4  15.01.2013               0       25     2555     1099.00           1.0
2018-08-20 20:05:42,994 __main__ 32 DEBUG read_train end
2018-08-20 20:05:43,001 __main__ 37 INFO read_test start
2018-08-20 20:05:43,181 __main__ 39 INFO test:
   ID  shop_id  item_id
0   0        5     5037
1   1        5     5320
2   2        5     5233
3   3        5     5232
4   4        5     5268
2018-08-20 20:05:43,181 __main__ 40 DEBUG read_test end
2018-08-20 20:05:43,181 __main__ 45 INFO read_submission start
2018-08-20 20:05:43,294 __main__ 47 INFO submit:
   ID  item_cnt_month
0   0             0.5
1   1             0.5
2   2             0.5
3   3             0.5
4   4             0.5
2018-08-20 20:05:43,294 __main__ 48 DEBUG read_submission end
2018-08-20 20:06:15,732 __main__ 29 INFO read_train start
2018-08-20 20:06:17,605 __main__ 31 INFO train:
         date  date_block_num  shop_id  item_id  item_price  item_cnt_day
0  02.01.2013               0       59    22154      999.00           1.0
1  03.01.2013               0       25     2552      899.00           1.0
2  05.01.2013               0       25     2552      899.00          -1.0
3  06.01.2013               0       25     2554     1709.05           1.0
4  15.01.2013               0       25     2555     1099.00           1.0
2018-08-20 20:06:17,605 __main__ 32 DEBUG read_train end
2018-08-20 21:08:59,749 __main__ 30 INFO MakeItemCntMonth starts
2018-08-20 21:08:59,749 LoadData 29 INFO read_train start
2018-08-20 21:09:01,614 LoadData 31 INFO train:
         date      ...       item_cnt_day
0  02.01.2013      ...                1.0
1  03.01.2013      ...                1.0
2  05.01.2013      ...               -1.0
3  06.01.2013      ...                1.0
4  15.01.2013      ...                1.0

[5 rows x 6 columns]
2018-08-20 21:09:01,615 LoadData 32 DEBUG read_train end
2018-08-20 21:12:40,614 __main__ 36 DEBUG (1609124, 1)
2018-08-20 21:12:44,906 __main__ 38 DEBUG MakeItemCntMonth ends
